The system is: Linux - 5.15.0-78-generic - x86_64
Compiling the C compiler identification source file "CMakeCCompilerId.c" succeeded.
Compiler: /opt/rocm-5.4.3/llvm/bin/clang 
Build flags: 
Id flags:  

The output was:
0


Compilation of the C compiler identification source "CMakeCCompilerId.c" produced "a.out"

The C compiler identification is Clang, found in "/home/heinemann/gpuunpacker/cbmroot/build2/algo/Algo_Hip/src/Algo_Hip-build/CMakeFiles/3.22.1/CompilerIdC/a.out"

Compiling the CXX compiler identification source file "CMakeCXXCompilerId.cpp" succeeded.
Compiler: /opt/rocm-5.4.3/llvm/bin/clang++ 
Build flags: 
Id flags:  

The output was:
0


Compilation of the CXX compiler identification source "CMakeCXXCompilerId.cpp" produced "a.out"

The CXX compiler identification is Clang, found in "/home/heinemann/gpuunpacker/cbmroot/build2/algo/Algo_Hip/src/Algo_Hip-build/CMakeFiles/3.22.1/CompilerIdCXX/a.out"

Detecting C compiler ABI info compiled with the following output:
Change Dir: /home/heinemann/gpuunpacker/cbmroot/build2/algo/Algo_Hip/src/Algo_Hip-build/CMakeFiles/CMakeTmp

Run Build Command(s):/usr/bin/gmake -f Makefile cmTC_b06fc/fast && gmake[3]: Entering directory '/home/heinemann/gpuunpacker/cbmroot/build2/algo/Algo_Hip/src/Algo_Hip-build/CMakeFiles/CMakeTmp'
/usr/bin/gmake  -f CMakeFiles/cmTC_b06fc.dir/build.make CMakeFiles/cmTC_b06fc.dir/build
gmake[4]: Entering directory '/home/heinemann/gpuunpacker/cbmroot/build2/algo/Algo_Hip/src/Algo_Hip-build/CMakeFiles/CMakeTmp'
Building C object CMakeFiles/cmTC_b06fc.dir/CMakeCCompilerABI.c.o
/opt/rocm-5.4.3/llvm/bin/clang   -v -MD -MT CMakeFiles/cmTC_b06fc.dir/CMakeCCompilerABI.c.o -MF CMakeFiles/cmTC_b06fc.dir/CMakeCCompilerABI.c.o.d -o CMakeFiles/cmTC_b06fc.dir/CMakeCCompilerABI.c.o -c /usr/share/cmake-3.22/Modules/CMakeCCompilerABI.c
AMD clang version 15.0.0 (https://github.com/RadeonOpenCompute/llvm-project roc-5.4.3 23045 a29fe425c7b0e5aba97ed2f95f61fd5ecba68aed)
Target: x86_64-unknown-linux-gnu
Thread model: posix
InstalledDir: /opt/rocm-5.4.3/llvm/bin
Found candidate GCC installation: /usr/lib/gcc/x86_64-linux-gnu/11
Found candidate GCC installation: /usr/lib/gcc/x86_64-linux-gnu/12
Found candidate GCC installation: /usr/lib/gcc/x86_64-linux-gnu/9
Selected GCC installation: /usr/lib/gcc/x86_64-linux-gnu/12
Candidate multilib: .;@m64
Selected multilib: .;@m64
Found CUDA installation: /usr/local/cuda-12.2, version 
Found HIP installation: /opt/rocm-5.4.3, version 5.4.22804
 (in-process)
 "/opt/rocm-5.4.3/llvm/bin/clang-15" -cc1 -triple x86_64-unknown-linux-gnu -emit-obj -mrelax-all --mrelax-relocations -disable-free -clear-ast-before-backend -disable-llvm-verifier -discard-value-names -main-file-name CMakeCCompilerABI.c -mrelocation-model static -mframe-pointer=all -fmath-errno -ffp-contract=on -fno-rounding-math -mconstructor-aliases -funwind-tables=2 -target-cpu x86-64 -tune-cpu generic -mllvm -treat-scalable-fixed-error-as-warning -debugger-tuning=gdb -v -fcoverage-compilation-dir=/home/heinemann/gpuunpacker/cbmroot/build2/algo/Algo_Hip/src/Algo_Hip-build/CMakeFiles/CMakeTmp -resource-dir /opt/rocm-5.4.3/llvm/lib/clang/15.0.0 -dependency-file CMakeFiles/cmTC_b06fc.dir/CMakeCCompilerABI.c.o.d -MT CMakeFiles/cmTC_b06fc.dir/CMakeCCompilerABI.c.o -sys-header-deps -internal-isystem /opt/rocm-5.4.3/llvm/lib/clang/15.0.0/include -internal-isystem /usr/local/include -internal-isystem /usr/lib/gcc/x86_64-linux-gnu/12/../../../../x86_64-linux-gnu/include -internal-externc-isystem /usr/include/x86_64-linux-gnu -internal-externc-isystem /include -internal-externc-isystem /usr/include -fdebug-compilation-dir=/home/heinemann/gpuunpacker/cbmroot/build2/algo/Algo_Hip/src/Algo_Hip-build/CMakeFiles/CMakeTmp -ferror-limit 19 -fgnuc-version=4.2.1 -no-opaque-pointers -faddrsig -D__GCC_HAVE_DWARF2_CFI_ASM=1 -o CMakeFiles/cmTC_b06fc.dir/CMakeCCompilerABI.c.o -x c /usr/share/cmake-3.22/Modules/CMakeCCompilerABI.c
clang -cc1 version 15.0.0 based upon LLVM 15.0.0git default target x86_64-unknown-linux-gnu
ignoring nonexistent directory "/usr/lib/gcc/x86_64-linux-gnu/12/../../../../x86_64-linux-gnu/include"
ignoring nonexistent directory "/include"
#include "..." search starts here:
#include <...> search starts here:
 /opt/rocm-5.4.3/llvm/lib/clang/15.0.0/include
 /usr/local/include
 /usr/include/x86_64-linux-gnu
 /usr/include
End of search list.
Linking C executable cmTC_b06fc
/usr/bin/cmake -E cmake_link_script CMakeFiles/cmTC_b06fc.dir/link.txt --verbose=1
/opt/rocm-5.4.3/llvm/bin/clang  -v -rdynamic CMakeFiles/cmTC_b06fc.dir/CMakeCCompilerABI.c.o -o cmTC_b06fc 
AMD clang version 15.0.0 (https://github.com/RadeonOpenCompute/llvm-project roc-5.4.3 23045 a29fe425c7b0e5aba97ed2f95f61fd5ecba68aed)
Target: x86_64-unknown-linux-gnu
Thread model: posix
InstalledDir: /opt/rocm-5.4.3/llvm/bin
Found candidate GCC installation: /usr/lib/gcc/x86_64-linux-gnu/11
Found candidate GCC installation: /usr/lib/gcc/x86_64-linux-gnu/12
Found candidate GCC installation: /usr/lib/gcc/x86_64-linux-gnu/9
Selected GCC installation: /usr/lib/gcc/x86_64-linux-gnu/12
Candidate multilib: .;@m64
Selected multilib: .;@m64
Found CUDA installation: /usr/local/cuda-12.2, version 
Found HIP installation: /opt/rocm-5.4.3, version 5.4.22804
 "/opt/rocm-5.4.3/llvm/bin/ld.lld" -export-dynamic -z relro --hash-style=gnu --eh-frame-hdr -m elf_x86_64 -export-dynamic -dynamic-linker /lib64/ld-linux-x86-64.so.2 -o cmTC_b06fc /lib/x86_64-linux-gnu/crt1.o /lib/x86_64-linux-gnu/crti.o /usr/lib/gcc/x86_64-linux-gnu/12/crtbegin.o -L/usr/lib/gcc/x86_64-linux-gnu/12 -L/usr/lib/gcc/x86_64-linux-gnu/12/../../../../lib64 -L/lib/x86_64-linux-gnu -L/lib/../lib64 -L/usr/lib/x86_64-linux-gnu -L/usr/lib/../lib64 -L/lib -L/usr/lib CMakeFiles/cmTC_b06fc.dir/CMakeCCompilerABI.c.o -lgcc --as-needed -lgcc_s --no-as-needed -lc -lgcc --as-needed -lgcc_s --no-as-needed /usr/lib/gcc/x86_64-linux-gnu/12/crtend.o /lib/x86_64-linux-gnu/crtn.o
gmake[4]: Leaving directory '/home/heinemann/gpuunpacker/cbmroot/build2/algo/Algo_Hip/src/Algo_Hip-build/CMakeFiles/CMakeTmp'
gmake[3]: Leaving directory '/home/heinemann/gpuunpacker/cbmroot/build2/algo/Algo_Hip/src/Algo_Hip-build/CMakeFiles/CMakeTmp'



Parsed C implicit include dir info from above output: rv=done
  found start of include info
  found start of implicit include info
    add: [/opt/rocm-5.4.3/llvm/lib/clang/15.0.0/include]
    add: [/usr/local/include]
    add: [/usr/include/x86_64-linux-gnu]
    add: [/usr/include]
  end of search list found
  collapse include dir [/opt/rocm-5.4.3/llvm/lib/clang/15.0.0/include] ==> [/opt/rocm-5.4.3/llvm/lib/clang/15.0.0/include]
  collapse include dir [/usr/local/include] ==> [/usr/local/include]
  collapse include dir [/usr/include/x86_64-linux-gnu] ==> [/usr/include/x86_64-linux-gnu]
  collapse include dir [/usr/include] ==> [/usr/include]
  implicit include dirs: [/opt/rocm-5.4.3/llvm/lib/clang/15.0.0/include;/usr/local/include;/usr/include/x86_64-linux-gnu;/usr/include]


Parsed C implicit link information from above output:
  link line regex: [^( *|.*[/\])(ld\.lld|CMAKE_LINK_STARTFILE-NOTFOUND|([^/\]+-)?ld|collect2)[^/\]*( |$)]
  ignore line: [Change Dir: /home/heinemann/gpuunpacker/cbmroot/build2/algo/Algo_Hip/src/Algo_Hip-build/CMakeFiles/CMakeTmp]
  ignore line: []
  ignore line: [Run Build Command(s):/usr/bin/gmake -f Makefile cmTC_b06fc/fast && gmake[3]: Entering directory '/home/heinemann/gpuunpacker/cbmroot/build2/algo/Algo_Hip/src/Algo_Hip-build/CMakeFiles/CMakeTmp']
  ignore line: [/usr/bin/gmake  -f CMakeFiles/cmTC_b06fc.dir/build.make CMakeFiles/cmTC_b06fc.dir/build]
  ignore line: [gmake[4]: Entering directory '/home/heinemann/gpuunpacker/cbmroot/build2/algo/Algo_Hip/src/Algo_Hip-build/CMakeFiles/CMakeTmp']
  ignore line: [Building C object CMakeFiles/cmTC_b06fc.dir/CMakeCCompilerABI.c.o]
  ignore line: [/opt/rocm-5.4.3/llvm/bin/clang   -v -MD -MT CMakeFiles/cmTC_b06fc.dir/CMakeCCompilerABI.c.o -MF CMakeFiles/cmTC_b06fc.dir/CMakeCCompilerABI.c.o.d -o CMakeFiles/cmTC_b06fc.dir/CMakeCCompilerABI.c.o -c /usr/share/cmake-3.22/Modules/CMakeCCompilerABI.c]
  ignore line: [AMD clang version 15.0.0 (https://github.com/RadeonOpenCompute/llvm-project roc-5.4.3 23045 a29fe425c7b0e5aba97ed2f95f61fd5ecba68aed)]
  ignore line: [Target: x86_64-unknown-linux-gnu]
  ignore line: [Thread model: posix]
  ignore line: [InstalledDir: /opt/rocm-5.4.3/llvm/bin]
  ignore line: [Found candidate GCC installation: /usr/lib/gcc/x86_64-linux-gnu/11]
  ignore line: [Found candidate GCC installation: /usr/lib/gcc/x86_64-linux-gnu/12]
  ignore line: [Found candidate GCC installation: /usr/lib/gcc/x86_64-linux-gnu/9]
  ignore line: [Selected GCC installation: /usr/lib/gcc/x86_64-linux-gnu/12]
  ignore line: [Candidate multilib: .]
  ignore line: [@m64]
  ignore line: [Selected multilib: .]
  ignore line: [@m64]
  ignore line: [Found CUDA installation: /usr/local/cuda-12.2  version ]
  ignore line: [Found HIP installation: /opt/rocm-5.4.3  version 5.4.22804]
  ignore line: [ (in-process)]
  ignore line: [ "/opt/rocm-5.4.3/llvm/bin/clang-15" -cc1 -triple x86_64-unknown-linux-gnu -emit-obj -mrelax-all --mrelax-relocations -disable-free -clear-ast-before-backend -disable-llvm-verifier -discard-value-names -main-file-name CMakeCCompilerABI.c -mrelocation-model static -mframe-pointer=all -fmath-errno -ffp-contract=on -fno-rounding-math -mconstructor-aliases -funwind-tables=2 -target-cpu x86-64 -tune-cpu generic -mllvm -treat-scalable-fixed-error-as-warning -debugger-tuning=gdb -v -fcoverage-compilation-dir=/home/heinemann/gpuunpacker/cbmroot/build2/algo/Algo_Hip/src/Algo_Hip-build/CMakeFiles/CMakeTmp -resource-dir /opt/rocm-5.4.3/llvm/lib/clang/15.0.0 -dependency-file CMakeFiles/cmTC_b06fc.dir/CMakeCCompilerABI.c.o.d -MT CMakeFiles/cmTC_b06fc.dir/CMakeCCompilerABI.c.o -sys-header-deps -internal-isystem /opt/rocm-5.4.3/llvm/lib/clang/15.0.0/include -internal-isystem /usr/local/include -internal-isystem /usr/lib/gcc/x86_64-linux-gnu/12/../../../../x86_64-linux-gnu/include -internal-externc-isystem /usr/include/x86_64-linux-gnu -internal-externc-isystem /include -internal-externc-isystem /usr/include -fdebug-compilation-dir=/home/heinemann/gpuunpacker/cbmroot/build2/algo/Algo_Hip/src/Algo_Hip-build/CMakeFiles/CMakeTmp -ferror-limit 19 -fgnuc-version=4.2.1 -no-opaque-pointers -faddrsig -D__GCC_HAVE_DWARF2_CFI_ASM=1 -o CMakeFiles/cmTC_b06fc.dir/CMakeCCompilerABI.c.o -x c /usr/share/cmake-3.22/Modules/CMakeCCompilerABI.c]
  ignore line: [clang -cc1 version 15.0.0 based upon LLVM 15.0.0git default target x86_64-unknown-linux-gnu]
  ignore line: [ignoring nonexistent directory "/usr/lib/gcc/x86_64-linux-gnu/12/../../../../x86_64-linux-gnu/include"]
  ignore line: [ignoring nonexistent directory "/include"]
  ignore line: [#include "..." search starts here:]
  ignore line: [#include <...> search starts here:]
  ignore line: [ /opt/rocm-5.4.3/llvm/lib/clang/15.0.0/include]
  ignore line: [ /usr/local/include]
  ignore line: [ /usr/include/x86_64-linux-gnu]
  ignore line: [ /usr/include]
  ignore line: [End of search list.]
  ignore line: [Linking C executable cmTC_b06fc]
  ignore line: [/usr/bin/cmake -E cmake_link_script CMakeFiles/cmTC_b06fc.dir/link.txt --verbose=1]
  ignore line: [/opt/rocm-5.4.3/llvm/bin/clang  -v -rdynamic CMakeFiles/cmTC_b06fc.dir/CMakeCCompilerABI.c.o -o cmTC_b06fc ]
  ignore line: [AMD clang version 15.0.0 (https://github.com/RadeonOpenCompute/llvm-project roc-5.4.3 23045 a29fe425c7b0e5aba97ed2f95f61fd5ecba68aed)]
  ignore line: [Target: x86_64-unknown-linux-gnu]
  ignore line: [Thread model: posix]
  ignore line: [InstalledDir: /opt/rocm-5.4.3/llvm/bin]
  ignore line: [Found candidate GCC installation: /usr/lib/gcc/x86_64-linux-gnu/11]
  ignore line: [Found candidate GCC installation: /usr/lib/gcc/x86_64-linux-gnu/12]
  ignore line: [Found candidate GCC installation: /usr/lib/gcc/x86_64-linux-gnu/9]
  ignore line: [Selected GCC installation: /usr/lib/gcc/x86_64-linux-gnu/12]
  ignore line: [Candidate multilib: .]
  ignore line: [@m64]
  ignore line: [Selected multilib: .]
  ignore line: [@m64]
  ignore line: [Found CUDA installation: /usr/local/cuda-12.2  version ]
  ignore line: [Found HIP installation: /opt/rocm-5.4.3  version 5.4.22804]
  link line: [ "/opt/rocm-5.4.3/llvm/bin/ld.lld" -export-dynamic -z relro --hash-style=gnu --eh-frame-hdr -m elf_x86_64 -export-dynamic -dynamic-linker /lib64/ld-linux-x86-64.so.2 -o cmTC_b06fc /lib/x86_64-linux-gnu/crt1.o /lib/x86_64-linux-gnu/crti.o /usr/lib/gcc/x86_64-linux-gnu/12/crtbegin.o -L/usr/lib/gcc/x86_64-linux-gnu/12 -L/usr/lib/gcc/x86_64-linux-gnu/12/../../../../lib64 -L/lib/x86_64-linux-gnu -L/lib/../lib64 -L/usr/lib/x86_64-linux-gnu -L/usr/lib/../lib64 -L/lib -L/usr/lib CMakeFiles/cmTC_b06fc.dir/CMakeCCompilerABI.c.o -lgcc --as-needed -lgcc_s --no-as-needed -lc -lgcc --as-needed -lgcc_s --no-as-needed /usr/lib/gcc/x86_64-linux-gnu/12/crtend.o /lib/x86_64-linux-gnu/crtn.o]
    arg [/opt/rocm-5.4.3/llvm/bin/ld.lld] ==> ignore
    arg [-export-dynamic] ==> ignore
    arg [-zrelro] ==> ignore
    arg [--hash-style=gnu] ==> ignore
    arg [--eh-frame-hdr] ==> ignore
    arg [-m] ==> ignore
    arg [elf_x86_64] ==> ignore
    arg [-export-dynamic] ==> ignore
    arg [-dynamic-linker] ==> ignore
    arg [/lib64/ld-linux-x86-64.so.2] ==> ignore
    arg [-o] ==> ignore
    arg [cmTC_b06fc] ==> ignore
    arg [/lib/x86_64-linux-gnu/crt1.o] ==> obj [/lib/x86_64-linux-gnu/crt1.o]
    arg [/lib/x86_64-linux-gnu/crti.o] ==> obj [/lib/x86_64-linux-gnu/crti.o]
    arg [/usr/lib/gcc/x86_64-linux-gnu/12/crtbegin.o] ==> obj [/usr/lib/gcc/x86_64-linux-gnu/12/crtbegin.o]
    arg [-L/usr/lib/gcc/x86_64-linux-gnu/12] ==> dir [/usr/lib/gcc/x86_64-linux-gnu/12]
    arg [-L/usr/lib/gcc/x86_64-linux-gnu/12/../../../../lib64] ==> dir [/usr/lib/gcc/x86_64-linux-gnu/12/../../../../lib64]
    arg [-L/lib/x86_64-linux-gnu] ==> dir [/lib/x86_64-linux-gnu]
    arg [-L/lib/../lib64] ==> dir [/lib/../lib64]
    arg [-L/usr/lib/x86_64-linux-gnu] ==> dir [/usr/lib/x86_64-linux-gnu]
    arg [-L/usr/lib/../lib64] ==> dir [/usr/lib/../lib64]
    arg [-L/lib] ==> dir [/lib]
    arg [-L/usr/lib] ==> dir [/usr/lib]
    arg [CMakeFiles/cmTC_b06fc.dir/CMakeCCompilerABI.c.o] ==> ignore
    arg [-lgcc] ==> lib [gcc]
    arg [--as-needed] ==> ignore
    arg [-lgcc_s] ==> lib [gcc_s]
    arg [--no-as-needed] ==> ignore
    arg [-lc] ==> lib [c]
    arg [-lgcc] ==> lib [gcc]
    arg [--as-needed] ==> ignore
    arg [-lgcc_s] ==> lib [gcc_s]
    arg [--no-as-needed] ==> ignore
    arg [/usr/lib/gcc/x86_64-linux-gnu/12/crtend.o] ==> obj [/usr/lib/gcc/x86_64-linux-gnu/12/crtend.o]
    arg [/lib/x86_64-linux-gnu/crtn.o] ==> obj [/lib/x86_64-linux-gnu/crtn.o]
  collapse library dir [/usr/lib/gcc/x86_64-linux-gnu/12] ==> [/usr/lib/gcc/x86_64-linux-gnu/12]
  collapse library dir [/usr/lib/gcc/x86_64-linux-gnu/12/../../../../lib64] ==> [/usr/lib64]
  collapse library dir [/lib/x86_64-linux-gnu] ==> [/lib/x86_64-linux-gnu]
  collapse library dir [/lib/../lib64] ==> [/lib64]
  collapse library dir [/usr/lib/x86_64-linux-gnu] ==> [/usr/lib/x86_64-linux-gnu]
  collapse library dir [/usr/lib/../lib64] ==> [/usr/lib64]
  collapse library dir [/lib] ==> [/lib]
  collapse library dir [/usr/lib] ==> [/usr/lib]
  implicit libs: [gcc;gcc_s;c;gcc;gcc_s]
  implicit objs: [/lib/x86_64-linux-gnu/crt1.o;/lib/x86_64-linux-gnu/crti.o;/usr/lib/gcc/x86_64-linux-gnu/12/crtbegin.o;/usr/lib/gcc/x86_64-linux-gnu/12/crtend.o;/lib/x86_64-linux-gnu/crtn.o]
  implicit dirs: [/usr/lib/gcc/x86_64-linux-gnu/12;/usr/lib64;/lib/x86_64-linux-gnu;/lib64;/usr/lib/x86_64-linux-gnu;/lib;/usr/lib]
  implicit fwks: []


Detecting CXX compiler ABI info compiled with the following output:
Change Dir: /home/heinemann/gpuunpacker/cbmroot/build2/algo/Algo_Hip/src/Algo_Hip-build/CMakeFiles/CMakeTmp

Run Build Command(s):/usr/bin/gmake -f Makefile cmTC_b92d1/fast && gmake[3]: Entering directory '/home/heinemann/gpuunpacker/cbmroot/build2/algo/Algo_Hip/src/Algo_Hip-build/CMakeFiles/CMakeTmp'
/usr/bin/gmake  -f CMakeFiles/cmTC_b92d1.dir/build.make CMakeFiles/cmTC_b92d1.dir/build
gmake[4]: Entering directory '/home/heinemann/gpuunpacker/cbmroot/build2/algo/Algo_Hip/src/Algo_Hip-build/CMakeFiles/CMakeTmp'
Building CXX object CMakeFiles/cmTC_b92d1.dir/CMakeCXXCompilerABI.cpp.o
/opt/rocm-5.4.3/llvm/bin/clang++   -v -MD -MT CMakeFiles/cmTC_b92d1.dir/CMakeCXXCompilerABI.cpp.o -MF CMakeFiles/cmTC_b92d1.dir/CMakeCXXCompilerABI.cpp.o.d -o CMakeFiles/cmTC_b92d1.dir/CMakeCXXCompilerABI.cpp.o -c /usr/share/cmake-3.22/Modules/CMakeCXXCompilerABI.cpp
AMD clang version 15.0.0 (https://github.com/RadeonOpenCompute/llvm-project roc-5.4.3 23045 a29fe425c7b0e5aba97ed2f95f61fd5ecba68aed)
Target: x86_64-unknown-linux-gnu
Thread model: posix
InstalledDir: /opt/rocm-5.4.3/llvm/bin
Found candidate GCC installation: /usr/lib/gcc/x86_64-linux-gnu/11
Found candidate GCC installation: /usr/lib/gcc/x86_64-linux-gnu/12
Found candidate GCC installation: /usr/lib/gcc/x86_64-linux-gnu/9
Selected GCC installation: /usr/lib/gcc/x86_64-linux-gnu/12
Candidate multilib: .;@m64
Selected multilib: .;@m64
Found CUDA installation: /usr/local/cuda-12.2, version 
Found HIP installation: /opt/rocm-5.4.3, version 5.4.22804
 (in-process)
 "/opt/rocm-5.4.3/llvm/bin/clang-15" -cc1 -triple x86_64-unknown-linux-gnu -emit-obj -mrelax-all --mrelax-relocations -disable-free -clear-ast-before-backend -disable-llvm-verifier -discard-value-names -main-file-name CMakeCXXCompilerABI.cpp -mrelocation-model static -mframe-pointer=all -fmath-errno -ffp-contract=on -fno-rounding-math -mconstructor-aliases -funwind-tables=2 -target-cpu x86-64 -tune-cpu generic -mllvm -treat-scalable-fixed-error-as-warning -debugger-tuning=gdb -v -fcoverage-compilation-dir=/home/heinemann/gpuunpacker/cbmroot/build2/algo/Algo_Hip/src/Algo_Hip-build/CMakeFiles/CMakeTmp -resource-dir /opt/rocm-5.4.3/llvm/lib/clang/15.0.0 -dependency-file CMakeFiles/cmTC_b92d1.dir/CMakeCXXCompilerABI.cpp.o.d -MT CMakeFiles/cmTC_b92d1.dir/CMakeCXXCompilerABI.cpp.o -sys-header-deps -internal-isystem /usr/lib/gcc/x86_64-linux-gnu/12/../../../../include/c++/12 -internal-isystem /usr/lib/gcc/x86_64-linux-gnu/12/../../../../include/x86_64-linux-gnu/c++/12 -internal-isystem /usr/lib/gcc/x86_64-linux-gnu/12/../../../../include/c++/12/backward -internal-isystem /opt/rocm-5.4.3/llvm/lib/clang/15.0.0/include -internal-isystem /usr/local/include -internal-isystem /usr/lib/gcc/x86_64-linux-gnu/12/../../../../x86_64-linux-gnu/include -internal-externc-isystem /usr/include/x86_64-linux-gnu -internal-externc-isystem /include -internal-externc-isystem /usr/include -fdeprecated-macro -fdebug-compilation-dir=/home/heinemann/gpuunpacker/cbmroot/build2/algo/Algo_Hip/src/Algo_Hip-build/CMakeFiles/CMakeTmp -ferror-limit 19 -fgnuc-version=4.2.1 -no-opaque-pointers -fcxx-exceptions -fexceptions -faddrsig -D__GCC_HAVE_DWARF2_CFI_ASM=1 -o CMakeFiles/cmTC_b92d1.dir/CMakeCXXCompilerABI.cpp.o -x c++ /usr/share/cmake-3.22/Modules/CMakeCXXCompilerABI.cpp
clang -cc1 version 15.0.0 based upon LLVM 15.0.0git default target x86_64-unknown-linux-gnu
ignoring nonexistent directory "/usr/lib/gcc/x86_64-linux-gnu/12/../../../../x86_64-linux-gnu/include"
ignoring nonexistent directory "/include"
#include "..." search starts here:
#include <...> search starts here:
 /usr/lib/gcc/x86_64-linux-gnu/12/../../../../include/c++/12
 /usr/lib/gcc/x86_64-linux-gnu/12/../../../../include/x86_64-linux-gnu/c++/12
 /usr/lib/gcc/x86_64-linux-gnu/12/../../../../include/c++/12/backward
 /opt/rocm-5.4.3/llvm/lib/clang/15.0.0/include
 /usr/local/include
 /usr/include/x86_64-linux-gnu
 /usr/include
End of search list.
Linking CXX executable cmTC_b92d1
/usr/bin/cmake -E cmake_link_script CMakeFiles/cmTC_b92d1.dir/link.txt --verbose=1
/opt/rocm-5.4.3/llvm/bin/clang++  -v -rdynamic CMakeFiles/cmTC_b92d1.dir/CMakeCXXCompilerABI.cpp.o -o cmTC_b92d1 
AMD clang version 15.0.0 (https://github.com/RadeonOpenCompute/llvm-project roc-5.4.3 23045 a29fe425c7b0e5aba97ed2f95f61fd5ecba68aed)
Target: x86_64-unknown-linux-gnu
Thread model: posix
InstalledDir: /opt/rocm-5.4.3/llvm/bin
Found candidate GCC installation: /usr/lib/gcc/x86_64-linux-gnu/11
Found candidate GCC installation: /usr/lib/gcc/x86_64-linux-gnu/12
Found candidate GCC installation: /usr/lib/gcc/x86_64-linux-gnu/9
Selected GCC installation: /usr/lib/gcc/x86_64-linux-gnu/12
Candidate multilib: .;@m64
Selected multilib: .;@m64
Found CUDA installation: /usr/local/cuda-12.2, version 
Found HIP installation: /opt/rocm-5.4.3, version 5.4.22804
 "/opt/rocm-5.4.3/llvm/bin/ld.lld" -export-dynamic -z relro --hash-style=gnu --eh-frame-hdr -m elf_x86_64 -export-dynamic -dynamic-linker /lib64/ld-linux-x86-64.so.2 -o cmTC_b92d1 /lib/x86_64-linux-gnu/crt1.o /lib/x86_64-linux-gnu/crti.o /usr/lib/gcc/x86_64-linux-gnu/12/crtbegin.o -L/usr/lib/gcc/x86_64-linux-gnu/12 -L/usr/lib/gcc/x86_64-linux-gnu/12/../../../../lib64 -L/lib/x86_64-linux-gnu -L/lib/../lib64 -L/usr/lib/x86_64-linux-gnu -L/usr/lib/../lib64 -L/lib -L/usr/lib CMakeFiles/cmTC_b92d1.dir/CMakeCXXCompilerABI.cpp.o -lstdc++ -lm -lgcc_s -lgcc -lc -lgcc_s -lgcc /usr/lib/gcc/x86_64-linux-gnu/12/crtend.o /lib/x86_64-linux-gnu/crtn.o
gmake[4]: Leaving directory '/home/heinemann/gpuunpacker/cbmroot/build2/algo/Algo_Hip/src/Algo_Hip-build/CMakeFiles/CMakeTmp'
gmake[3]: Leaving directory '/home/heinemann/gpuunpacker/cbmroot/build2/algo/Algo_Hip/src/Algo_Hip-build/CMakeFiles/CMakeTmp'



Parsed CXX implicit include dir info from above output: rv=done
  found start of include info
  found start of implicit include info
    add: [/usr/lib/gcc/x86_64-linux-gnu/12/../../../../include/c++/12]
    add: [/usr/lib/gcc/x86_64-linux-gnu/12/../../../../include/x86_64-linux-gnu/c++/12]
    add: [/usr/lib/gcc/x86_64-linux-gnu/12/../../../../include/c++/12/backward]
    add: [/opt/rocm-5.4.3/llvm/lib/clang/15.0.0/include]
    add: [/usr/local/include]
    add: [/usr/include/x86_64-linux-gnu]
    add: [/usr/include]
  end of search list found
  collapse include dir [/usr/lib/gcc/x86_64-linux-gnu/12/../../../../include/c++/12] ==> [/usr/include/c++/12]
  collapse include dir [/usr/lib/gcc/x86_64-linux-gnu/12/../../../../include/x86_64-linux-gnu/c++/12] ==> [/usr/include/x86_64-linux-gnu/c++/12]
  collapse include dir [/usr/lib/gcc/x86_64-linux-gnu/12/../../../../include/c++/12/backward] ==> [/usr/include/c++/12/backward]
  collapse include dir [/opt/rocm-5.4.3/llvm/lib/clang/15.0.0/include] ==> [/opt/rocm-5.4.3/llvm/lib/clang/15.0.0/include]
  collapse include dir [/usr/local/include] ==> [/usr/local/include]
  collapse include dir [/usr/include/x86_64-linux-gnu] ==> [/usr/include/x86_64-linux-gnu]
  collapse include dir [/usr/include] ==> [/usr/include]
  implicit include dirs: [/usr/include/c++/12;/usr/include/x86_64-linux-gnu/c++/12;/usr/include/c++/12/backward;/opt/rocm-5.4.3/llvm/lib/clang/15.0.0/include;/usr/local/include;/usr/include/x86_64-linux-gnu;/usr/include]


Parsed CXX implicit link information from above output:
  link line regex: [^( *|.*[/\])(ld\.lld|CMAKE_LINK_STARTFILE-NOTFOUND|([^/\]+-)?ld|collect2)[^/\]*( |$)]
  ignore line: [Change Dir: /home/heinemann/gpuunpacker/cbmroot/build2/algo/Algo_Hip/src/Algo_Hip-build/CMakeFiles/CMakeTmp]
  ignore line: []
  ignore line: [Run Build Command(s):/usr/bin/gmake -f Makefile cmTC_b92d1/fast && gmake[3]: Entering directory '/home/heinemann/gpuunpacker/cbmroot/build2/algo/Algo_Hip/src/Algo_Hip-build/CMakeFiles/CMakeTmp']
  ignore line: [/usr/bin/gmake  -f CMakeFiles/cmTC_b92d1.dir/build.make CMakeFiles/cmTC_b92d1.dir/build]
  ignore line: [gmake[4]: Entering directory '/home/heinemann/gpuunpacker/cbmroot/build2/algo/Algo_Hip/src/Algo_Hip-build/CMakeFiles/CMakeTmp']
  ignore line: [Building CXX object CMakeFiles/cmTC_b92d1.dir/CMakeCXXCompilerABI.cpp.o]
  ignore line: [/opt/rocm-5.4.3/llvm/bin/clang++   -v -MD -MT CMakeFiles/cmTC_b92d1.dir/CMakeCXXCompilerABI.cpp.o -MF CMakeFiles/cmTC_b92d1.dir/CMakeCXXCompilerABI.cpp.o.d -o CMakeFiles/cmTC_b92d1.dir/CMakeCXXCompilerABI.cpp.o -c /usr/share/cmake-3.22/Modules/CMakeCXXCompilerABI.cpp]
  ignore line: [AMD clang version 15.0.0 (https://github.com/RadeonOpenCompute/llvm-project roc-5.4.3 23045 a29fe425c7b0e5aba97ed2f95f61fd5ecba68aed)]
  ignore line: [Target: x86_64-unknown-linux-gnu]
  ignore line: [Thread model: posix]
  ignore line: [InstalledDir: /opt/rocm-5.4.3/llvm/bin]
  ignore line: [Found candidate GCC installation: /usr/lib/gcc/x86_64-linux-gnu/11]
  ignore line: [Found candidate GCC installation: /usr/lib/gcc/x86_64-linux-gnu/12]
  ignore line: [Found candidate GCC installation: /usr/lib/gcc/x86_64-linux-gnu/9]
  ignore line: [Selected GCC installation: /usr/lib/gcc/x86_64-linux-gnu/12]
  ignore line: [Candidate multilib: .]
  ignore line: [@m64]
  ignore line: [Selected multilib: .]
  ignore line: [@m64]
  ignore line: [Found CUDA installation: /usr/local/cuda-12.2  version ]
  ignore line: [Found HIP installation: /opt/rocm-5.4.3  version 5.4.22804]
  ignore line: [ (in-process)]
  ignore line: [ "/opt/rocm-5.4.3/llvm/bin/clang-15" -cc1 -triple x86_64-unknown-linux-gnu -emit-obj -mrelax-all --mrelax-relocations -disable-free -clear-ast-before-backend -disable-llvm-verifier -discard-value-names -main-file-name CMakeCXXCompilerABI.cpp -mrelocation-model static -mframe-pointer=all -fmath-errno -ffp-contract=on -fno-rounding-math -mconstructor-aliases -funwind-tables=2 -target-cpu x86-64 -tune-cpu generic -mllvm -treat-scalable-fixed-error-as-warning -debugger-tuning=gdb -v -fcoverage-compilation-dir=/home/heinemann/gpuunpacker/cbmroot/build2/algo/Algo_Hip/src/Algo_Hip-build/CMakeFiles/CMakeTmp -resource-dir /opt/rocm-5.4.3/llvm/lib/clang/15.0.0 -dependency-file CMakeFiles/cmTC_b92d1.dir/CMakeCXXCompilerABI.cpp.o.d -MT CMakeFiles/cmTC_b92d1.dir/CMakeCXXCompilerABI.cpp.o -sys-header-deps -internal-isystem /usr/lib/gcc/x86_64-linux-gnu/12/../../../../include/c++/12 -internal-isystem /usr/lib/gcc/x86_64-linux-gnu/12/../../../../include/x86_64-linux-gnu/c++/12 -internal-isystem /usr/lib/gcc/x86_64-linux-gnu/12/../../../../include/c++/12/backward -internal-isystem /opt/rocm-5.4.3/llvm/lib/clang/15.0.0/include -internal-isystem /usr/local/include -internal-isystem /usr/lib/gcc/x86_64-linux-gnu/12/../../../../x86_64-linux-gnu/include -internal-externc-isystem /usr/include/x86_64-linux-gnu -internal-externc-isystem /include -internal-externc-isystem /usr/include -fdeprecated-macro -fdebug-compilation-dir=/home/heinemann/gpuunpacker/cbmroot/build2/algo/Algo_Hip/src/Algo_Hip-build/CMakeFiles/CMakeTmp -ferror-limit 19 -fgnuc-version=4.2.1 -no-opaque-pointers -fcxx-exceptions -fexceptions -faddrsig -D__GCC_HAVE_DWARF2_CFI_ASM=1 -o CMakeFiles/cmTC_b92d1.dir/CMakeCXXCompilerABI.cpp.o -x c++ /usr/share/cmake-3.22/Modules/CMakeCXXCompilerABI.cpp]
  ignore line: [clang -cc1 version 15.0.0 based upon LLVM 15.0.0git default target x86_64-unknown-linux-gnu]
  ignore line: [ignoring nonexistent directory "/usr/lib/gcc/x86_64-linux-gnu/12/../../../../x86_64-linux-gnu/include"]
  ignore line: [ignoring nonexistent directory "/include"]
  ignore line: [#include "..." search starts here:]
  ignore line: [#include <...> search starts here:]
  ignore line: [ /usr/lib/gcc/x86_64-linux-gnu/12/../../../../include/c++/12]
  ignore line: [ /usr/lib/gcc/x86_64-linux-gnu/12/../../../../include/x86_64-linux-gnu/c++/12]
  ignore line: [ /usr/lib/gcc/x86_64-linux-gnu/12/../../../../include/c++/12/backward]
  ignore line: [ /opt/rocm-5.4.3/llvm/lib/clang/15.0.0/include]
  ignore line: [ /usr/local/include]
  ignore line: [ /usr/include/x86_64-linux-gnu]
  ignore line: [ /usr/include]
  ignore line: [End of search list.]
  ignore line: [Linking CXX executable cmTC_b92d1]
  ignore line: [/usr/bin/cmake -E cmake_link_script CMakeFiles/cmTC_b92d1.dir/link.txt --verbose=1]
  ignore line: [/opt/rocm-5.4.3/llvm/bin/clang++  -v -rdynamic CMakeFiles/cmTC_b92d1.dir/CMakeCXXCompilerABI.cpp.o -o cmTC_b92d1 ]
  ignore line: [AMD clang version 15.0.0 (https://github.com/RadeonOpenCompute/llvm-project roc-5.4.3 23045 a29fe425c7b0e5aba97ed2f95f61fd5ecba68aed)]
  ignore line: [Target: x86_64-unknown-linux-gnu]
  ignore line: [Thread model: posix]
  ignore line: [InstalledDir: /opt/rocm-5.4.3/llvm/bin]
  ignore line: [Found candidate GCC installation: /usr/lib/gcc/x86_64-linux-gnu/11]
  ignore line: [Found candidate GCC installation: /usr/lib/gcc/x86_64-linux-gnu/12]
  ignore line: [Found candidate GCC installation: /usr/lib/gcc/x86_64-linux-gnu/9]
  ignore line: [Selected GCC installation: /usr/lib/gcc/x86_64-linux-gnu/12]
  ignore line: [Candidate multilib: .]
  ignore line: [@m64]
  ignore line: [Selected multilib: .]
  ignore line: [@m64]
  ignore line: [Found CUDA installation: /usr/local/cuda-12.2  version ]
  ignore line: [Found HIP installation: /opt/rocm-5.4.3  version 5.4.22804]
  link line: [ "/opt/rocm-5.4.3/llvm/bin/ld.lld" -export-dynamic -z relro --hash-style=gnu --eh-frame-hdr -m elf_x86_64 -export-dynamic -dynamic-linker /lib64/ld-linux-x86-64.so.2 -o cmTC_b92d1 /lib/x86_64-linux-gnu/crt1.o /lib/x86_64-linux-gnu/crti.o /usr/lib/gcc/x86_64-linux-gnu/12/crtbegin.o -L/usr/lib/gcc/x86_64-linux-gnu/12 -L/usr/lib/gcc/x86_64-linux-gnu/12/../../../../lib64 -L/lib/x86_64-linux-gnu -L/lib/../lib64 -L/usr/lib/x86_64-linux-gnu -L/usr/lib/../lib64 -L/lib -L/usr/lib CMakeFiles/cmTC_b92d1.dir/CMakeCXXCompilerABI.cpp.o -lstdc++ -lm -lgcc_s -lgcc -lc -lgcc_s -lgcc /usr/lib/gcc/x86_64-linux-gnu/12/crtend.o /lib/x86_64-linux-gnu/crtn.o]
    arg [/opt/rocm-5.4.3/llvm/bin/ld.lld] ==> ignore
    arg [-export-dynamic] ==> ignore
    arg [-zrelro] ==> ignore
    arg [--hash-style=gnu] ==> ignore
    arg [--eh-frame-hdr] ==> ignore
    arg [-m] ==> ignore
    arg [elf_x86_64] ==> ignore
    arg [-export-dynamic] ==> ignore
    arg [-dynamic-linker] ==> ignore
    arg [/lib64/ld-linux-x86-64.so.2] ==> ignore
    arg [-o] ==> ignore
    arg [cmTC_b92d1] ==> ignore
    arg [/lib/x86_64-linux-gnu/crt1.o] ==> obj [/lib/x86_64-linux-gnu/crt1.o]
    arg [/lib/x86_64-linux-gnu/crti.o] ==> obj [/lib/x86_64-linux-gnu/crti.o]
    arg [/usr/lib/gcc/x86_64-linux-gnu/12/crtbegin.o] ==> obj [/usr/lib/gcc/x86_64-linux-gnu/12/crtbegin.o]
    arg [-L/usr/lib/gcc/x86_64-linux-gnu/12] ==> dir [/usr/lib/gcc/x86_64-linux-gnu/12]
    arg [-L/usr/lib/gcc/x86_64-linux-gnu/12/../../../../lib64] ==> dir [/usr/lib/gcc/x86_64-linux-gnu/12/../../../../lib64]
    arg [-L/lib/x86_64-linux-gnu] ==> dir [/lib/x86_64-linux-gnu]
    arg [-L/lib/../lib64] ==> dir [/lib/../lib64]
    arg [-L/usr/lib/x86_64-linux-gnu] ==> dir [/usr/lib/x86_64-linux-gnu]
    arg [-L/usr/lib/../lib64] ==> dir [/usr/lib/../lib64]
    arg [-L/lib] ==> dir [/lib]
    arg [-L/usr/lib] ==> dir [/usr/lib]
    arg [CMakeFiles/cmTC_b92d1.dir/CMakeCXXCompilerABI.cpp.o] ==> ignore
    arg [-lstdc++] ==> lib [stdc++]
    arg [-lm] ==> lib [m]
    arg [-lgcc_s] ==> lib [gcc_s]
    arg [-lgcc] ==> lib [gcc]
    arg [-lc] ==> lib [c]
    arg [-lgcc_s] ==> lib [gcc_s]
    arg [-lgcc] ==> lib [gcc]
    arg [/usr/lib/gcc/x86_64-linux-gnu/12/crtend.o] ==> obj [/usr/lib/gcc/x86_64-linux-gnu/12/crtend.o]
    arg [/lib/x86_64-linux-gnu/crtn.o] ==> obj [/lib/x86_64-linux-gnu/crtn.o]
  collapse library dir [/usr/lib/gcc/x86_64-linux-gnu/12] ==> [/usr/lib/gcc/x86_64-linux-gnu/12]
  collapse library dir [/usr/lib/gcc/x86_64-linux-gnu/12/../../../../lib64] ==> [/usr/lib64]
  collapse library dir [/lib/x86_64-linux-gnu] ==> [/lib/x86_64-linux-gnu]
  collapse library dir [/lib/../lib64] ==> [/lib64]
  collapse library dir [/usr/lib/x86_64-linux-gnu] ==> [/usr/lib/x86_64-linux-gnu]
  collapse library dir [/usr/lib/../lib64] ==> [/usr/lib64]
  collapse library dir [/lib] ==> [/lib]
  collapse library dir [/usr/lib] ==> [/usr/lib]
  implicit libs: [stdc++;m;gcc_s;gcc;c;gcc_s;gcc]
  implicit objs: [/lib/x86_64-linux-gnu/crt1.o;/lib/x86_64-linux-gnu/crti.o;/usr/lib/gcc/x86_64-linux-gnu/12/crtbegin.o;/usr/lib/gcc/x86_64-linux-gnu/12/crtend.o;/lib/x86_64-linux-gnu/crtn.o]
  implicit dirs: [/usr/lib/gcc/x86_64-linux-gnu/12;/usr/lib64;/lib/x86_64-linux-gnu;/lib64;/usr/lib/x86_64-linux-gnu;/lib;/usr/lib]
  implicit fwks: []


Determining if the include file pthread.h exists passed with the following output:
Change Dir: /home/heinemann/gpuunpacker/cbmroot/build2/algo/Algo_Hip/src/Algo_Hip-build/CMakeFiles/CMakeTmp

Run Build Command(s):/usr/bin/gmake -f Makefile cmTC_3dfed/fast && gmake[3]: Entering directory '/home/heinemann/gpuunpacker/cbmroot/build2/algo/Algo_Hip/src/Algo_Hip-build/CMakeFiles/CMakeTmp'
/usr/bin/gmake  -f CMakeFiles/cmTC_3dfed.dir/build.make CMakeFiles/cmTC_3dfed.dir/build
gmake[4]: Entering directory '/home/heinemann/gpuunpacker/cbmroot/build2/algo/Algo_Hip/src/Algo_Hip-build/CMakeFiles/CMakeTmp'
Building C object CMakeFiles/cmTC_3dfed.dir/CheckIncludeFile.c.o
/opt/rocm-5.4.3/llvm/bin/clang    -MD -MT CMakeFiles/cmTC_3dfed.dir/CheckIncludeFile.c.o -MF CMakeFiles/cmTC_3dfed.dir/CheckIncludeFile.c.o.d -o CMakeFiles/cmTC_3dfed.dir/CheckIncludeFile.c.o -c /home/heinemann/gpuunpacker/cbmroot/build2/algo/Algo_Hip/src/Algo_Hip-build/CMakeFiles/CMakeTmp/CheckIncludeFile.c
Linking C executable cmTC_3dfed
/usr/bin/cmake -E cmake_link_script CMakeFiles/cmTC_3dfed.dir/link.txt --verbose=1
/opt/rocm-5.4.3/llvm/bin/clang -rdynamic CMakeFiles/cmTC_3dfed.dir/CheckIncludeFile.c.o -o cmTC_3dfed 
gmake[4]: Leaving directory '/home/heinemann/gpuunpacker/cbmroot/build2/algo/Algo_Hip/src/Algo_Hip-build/CMakeFiles/CMakeTmp'
gmake[3]: Leaving directory '/home/heinemann/gpuunpacker/cbmroot/build2/algo/Algo_Hip/src/Algo_Hip-build/CMakeFiles/CMakeTmp'



Performing C SOURCE FILE Test CMAKE_HAVE_LIBC_PTHREAD succeeded with the following output:
Change Dir: /home/heinemann/gpuunpacker/cbmroot/build2/algo/Algo_Hip/src/Algo_Hip-build/CMakeFiles/CMakeTmp

Run Build Command(s):/usr/bin/gmake -f Makefile cmTC_0b13e/fast && gmake[3]: Entering directory '/home/heinemann/gpuunpacker/cbmroot/build2/algo/Algo_Hip/src/Algo_Hip-build/CMakeFiles/CMakeTmp'
/usr/bin/gmake  -f CMakeFiles/cmTC_0b13e.dir/build.make CMakeFiles/cmTC_0b13e.dir/build
gmake[4]: Entering directory '/home/heinemann/gpuunpacker/cbmroot/build2/algo/Algo_Hip/src/Algo_Hip-build/CMakeFiles/CMakeTmp'
Building C object CMakeFiles/cmTC_0b13e.dir/src.c.o
/opt/rocm-5.4.3/llvm/bin/clang -DCMAKE_HAVE_LIBC_PTHREAD   -MD -MT CMakeFiles/cmTC_0b13e.dir/src.c.o -MF CMakeFiles/cmTC_0b13e.dir/src.c.o.d -o CMakeFiles/cmTC_0b13e.dir/src.c.o -c /home/heinemann/gpuunpacker/cbmroot/build2/algo/Algo_Hip/src/Algo_Hip-build/CMakeFiles/CMakeTmp/src.c
Linking C executable cmTC_0b13e
/usr/bin/cmake -E cmake_link_script CMakeFiles/cmTC_0b13e.dir/link.txt --verbose=1
/opt/rocm-5.4.3/llvm/bin/clang -rdynamic CMakeFiles/cmTC_0b13e.dir/src.c.o -o cmTC_0b13e 
gmake[4]: Leaving directory '/home/heinemann/gpuunpacker/cbmroot/build2/algo/Algo_Hip/src/Algo_Hip-build/CMakeFiles/CMakeTmp'
gmake[3]: Leaving directory '/home/heinemann/gpuunpacker/cbmroot/build2/algo/Algo_Hip/src/Algo_Hip-build/CMakeFiles/CMakeTmp'


Source file was:
#include <pthread.h>

static void* test_func(void* data)
{
  return data;
}

int main(void)
{
  pthread_t thread;
  pthread_create(&thread, NULL, test_func, NULL);
  pthread_detach(thread);
  pthread_cancel(thread);
  pthread_join(thread, NULL);
  pthread_atfork(NULL, NULL, NULL);
  pthread_exit(NULL);

  return 0;
}

Performing C++ SOURCE FILE Test HIP_CLANG_SUPPORTS_PARALLEL_JOBS succeeded with the following output:
Change Dir: /home/heinemann/gpuunpacker/cbmroot/build2/algo/Algo_Hip/src/Algo_Hip-build/CMakeFiles/CMakeTmp

Run Build Command(s):/usr/bin/gmake -f Makefile cmTC_2d189/fast && gmake[3]: Entering directory '/home/heinemann/gpuunpacker/cbmroot/build2/algo/Algo_Hip/src/Algo_Hip-build/CMakeFiles/CMakeTmp'
/usr/bin/gmake  -f CMakeFiles/cmTC_2d189.dir/build.make CMakeFiles/cmTC_2d189.dir/build
gmake[4]: Entering directory '/home/heinemann/gpuunpacker/cbmroot/build2/algo/Algo_Hip/src/Algo_Hip-build/CMakeFiles/CMakeTmp'
Building CXX object CMakeFiles/cmTC_2d189.dir/src.cxx.o
/opt/rocm-5.4.3/llvm/bin/clang++ -DHIP_CLANG_SUPPORTS_PARALLEL_JOBS  -parallel-jobs=1 -MD -MT CMakeFiles/cmTC_2d189.dir/src.cxx.o -MF CMakeFiles/cmTC_2d189.dir/src.cxx.o.d -o CMakeFiles/cmTC_2d189.dir/src.cxx.o -c /home/heinemann/gpuunpacker/cbmroot/build2/algo/Algo_Hip/src/Algo_Hip-build/CMakeFiles/CMakeTmp/src.cxx
Linking CXX executable cmTC_2d189
/usr/bin/cmake -E cmake_link_script CMakeFiles/cmTC_2d189.dir/link.txt --verbose=1
/opt/rocm-5.4.3/llvm/bin/clang++ -rdynamic CMakeFiles/cmTC_2d189.dir/src.cxx.o -o cmTC_2d189 
gmake[4]: Leaving directory '/home/heinemann/gpuunpacker/cbmroot/build2/algo/Algo_Hip/src/Algo_Hip-build/CMakeFiles/CMakeTmp'
gmake[3]: Leaving directory '/home/heinemann/gpuunpacker/cbmroot/build2/algo/Algo_Hip/src/Algo_Hip-build/CMakeFiles/CMakeTmp'


Source file was:
int main() { return 0; }
